[2013-03-30 18:44:35] myapp.INFO: Matched route "GET_" (parameters: "_controller": "{}", "_route": "GET_") [] []
[2013-03-30 18:44:35] myapp.INFO: > GET /fcom/web/ [] []
[2013-03-30 18:44:35] myapp.INFO: < 302 [] []
[2013-03-30 18:44:35] myapp.INFO: Matched route "" (parameters: "_controller": "{}", "url": "/fcom/web/home/") [] []
[2013-03-30 18:44:35] myapp.INFO: > GET /fcom/web/home [] []
[2013-03-30 18:44:35] myapp.INFO: < 301 [] []
[2013-03-30 18:44:36] myapp.INFO: Matched route "home" (parameters: "_controller": "[{},"home"]", "_route": "home") [] []
[2013-03-30 18:44:36] myapp.INFO: > GET /fcom/web/home/ [] []
[2013-03-30 18:44:36] myapp.INFO: < 200 [] []
[2013-03-30 18:44:46] myapp.INFO: Matched route "home" (parameters: "_controller": "[{},"home"]", "_route": "home") [] []
[2013-03-30 18:44:46] myapp.INFO: > GET /fcom/web/home/ [] []
[2013-03-30 18:44:46] myapp.INFO: < 200 [] []
[2013-03-30 18:45:32] myapp.INFO: Matched route "home" (parameters: "_controller": "[{},"home"]", "_route": "home") [] []
[2013-03-30 18:45:32] myapp.INFO: > GET /fcom/web/home/ [] []
[2013-03-30 18:45:32] myapp.INFO: < 200 [] []
[2013-03-30 18:45:35] myapp.INFO: Matched route "" (parameters: "_controller": "{}", "url": "/fcom/web/contact/") [] []
[2013-03-30 18:45:35] myapp.INFO: > GET /fcom/web/contact [] []
[2013-03-30 18:45:35] myapp.INFO: < 301 [] []
[2013-03-30 18:45:37] myapp.INFO: Matched route "_contactGET_" (parameters: "_controller": "[{},"contact"]", "_route": "_contactGET_") [] []
[2013-03-30 18:45:37] myapp.INFO: > GET /fcom/web/contact/ [] []
[2013-03-30 18:45:37] myapp.INFO: < 200 [] []
[2013-03-30 18:45:40] myapp.INFO: Matched route "home" (parameters: "_controller": "[{},"home"]", "_route": "home") [] []
[2013-03-30 18:45:40] myapp.INFO: > GET /fcom/web/home/ [] []
[2013-03-30 18:45:40] myapp.INFO: < 200 [] []
[2013-03-30 18:45:42] myapp.INFO: Matched route "" (parameters: "_controller": "{}", "url": "/fcom/web/contact/") [] []
[2013-03-30 18:45:42] myapp.INFO: > GET /fcom/web/contact [] []
[2013-03-30 18:45:42] myapp.INFO: < 301 [] []
[2013-03-30 18:45:43] myapp.INFO: Matched route "_contactGET_" (parameters: "_controller": "[{},"contact"]", "_route": "_contactGET_") [] []
[2013-03-30 18:45:43] myapp.INFO: > GET /fcom/web/contact/ [] []
[2013-03-30 18:45:43] myapp.INFO: < 200 [] []
[2013-03-30 18:45:45] myapp.INFO: Matched route "" (parameters: "_controller": "{}", "url": "/fcom/web/contact/") [] []
[2013-03-30 18:45:45] myapp.INFO: > GET /fcom/web/contact [] []
[2013-03-30 18:45:45] myapp.INFO: < 301 [] []
[2013-03-30 18:45:46] myapp.INFO: Matched route "_contactGET_" (parameters: "_controller": "[{},"contact"]", "_route": "_contactGET_") [] []
[2013-03-30 18:45:46] myapp.INFO: > GET /fcom/web/contact/ [] []
[2013-03-30 18:45:46] myapp.INFO: < 200 [] []
[2013-03-30 18:45:47] myapp.INFO: Matched route "" (parameters: "_controller": "{}", "url": "/fcom/web/contact/") [] []
[2013-03-30 18:45:47] myapp.INFO: > GET /fcom/web/contact [] []
[2013-03-30 18:45:47] myapp.INFO: < 301 [] []
[2013-03-30 18:45:48] myapp.INFO: Matched route "_contactGET_" (parameters: "_controller": "[{},"contact"]", "_route": "_contactGET_") [] []
[2013-03-30 18:45:48] myapp.INFO: > GET /fcom/web/contact/ [] []
[2013-03-30 18:45:48] myapp.INFO: < 200 [] []
[2013-03-30 18:47:50] myapp.INFO: Matched route "GET_" (parameters: "_controller": "{}", "_route": "GET_") [] []
[2013-03-30 18:47:50] myapp.INFO: > GET /fcom/web/ [] []
[2013-03-30 18:47:50] myapp.INFO: < 302 [] []
[2013-03-30 18:47:50] myapp.INFO: Matched route "" (parameters: "_controller": "{}", "url": "/fcom/web/home/") [] []
[2013-03-30 18:47:50] myapp.INFO: > GET /fcom/web/home [] []
[2013-03-30 18:47:50] myapp.INFO: < 301 [] []
[2013-03-30 18:47:51] myapp.INFO: Matched route "home" (parameters: "_controller": "[{},"home"]", "_route": "home") [] []
[2013-03-30 18:47:51] myapp.INFO: > GET /fcom/web/home/ [] []
[2013-03-30 18:47:51] myapp.INFO: < 200 [] []
[2013-03-30 18:47:54] myapp.INFO: Matched route "contact" (parameters: "_controller": "[{},"contact"]", "_route": "contact") [] []
[2013-03-30 18:47:54] myapp.INFO: > GET /fcom/web/contact/ [] []
[2013-03-30 18:47:54] myapp.INFO: < 200 [] []
[2013-03-30 18:47:56] myapp.INFO: Matched route "home" (parameters: "_controller": "[{},"home"]", "_route": "home") [] []
[2013-03-30 18:47:56] myapp.INFO: > GET /fcom/web/home/ [] []
[2013-03-30 18:47:56] myapp.INFO: < 200 [] []
[2013-03-30 18:47:57] myapp.INFO: Matched route "contact" (parameters: "_controller": "[{},"contact"]", "_route": "contact") [] []
[2013-03-30 18:47:57] myapp.INFO: > GET /fcom/web/contact/ [] []
[2013-03-30 18:47:58] myapp.INFO: < 200 [] []
[2013-03-30 18:48:00] myapp.INFO: Matched route "home" (parameters: "_controller": "[{},"home"]", "_route": "home") [] []
[2013-03-30 18:48:00] myapp.INFO: > GET /fcom/web/home/ [] []
[2013-03-30 18:48:00] myapp.INFO: < 200 [] []
[2013-03-30 18:48:01] myapp.INFO: Matched route "contact" (parameters: "_controller": "[{},"contact"]", "_route": "contact") [] []
[2013-03-30 18:48:01] myapp.INFO: > GET /fcom/web/contact/ [] []
[2013-03-30 18:48:01] myapp.INFO: < 200 [] []
[2013-03-30 18:48:02] myapp.INFO: Matched route "home" (parameters: "_controller": "[{},"home"]", "_route": "home") [] []
[2013-03-30 18:48:02] myapp.INFO: > GET /fcom/web/home/ [] []
[2013-03-30 18:48:02] myapp.INFO: < 200 [] []
[2013-03-30 18:48:03] myapp.INFO: Matched route "contact" (parameters: "_controller": "[{},"contact"]", "_route": "contact") [] []
[2013-03-30 18:48:03] myapp.INFO: > GET /fcom/web/contact/ [] []
[2013-03-30 18:48:03] myapp.INFO: < 200 [] []
[2013-03-30 18:48:05] myapp.INFO: Matched route "home" (parameters: "_controller": "[{},"home"]", "_route": "home") [] []
[2013-03-30 18:48:05] myapp.INFO: > GET /fcom/web/home/ [] []
[2013-03-30 18:48:05] myapp.INFO: < 200 [] []
[2013-03-30 18:48:08] myapp.INFO: Matched route "home" (parameters: "_controller": "[{},"home"]", "_route": "home") [] []
[2013-03-30 18:48:08] myapp.INFO: > GET /fcom/web/home/ [] []
[2013-03-30 18:48:08] myapp.INFO: < 200 [] []
[2013-03-30 18:50:25] myapp.INFO: Matched route "GET_" (parameters: "_controller": "{}", "_route": "GET_") [] []
[2013-03-30 18:50:25] myapp.INFO: > GET /fcom/web/ [] []
[2013-03-30 18:50:25] myapp.INFO: < 302 [] []
[2013-03-30 18:50:25] myapp.INFO: Matched route "" (parameters: "_controller": "{}", "url": "/fcom/web/home/") [] []
[2013-03-30 18:50:25] myapp.INFO: > GET /fcom/web/home [] []
[2013-03-30 18:50:25] myapp.INFO: < 301 [] []
[2013-03-30 18:50:25] myapp.INFO: Matched route "" (parameters: "_controller": "{}", "url": "/fcom/web/home/") [] []
[2013-03-30 18:50:25] myapp.INFO: > GET /fcom/web/home [] []
[2013-03-30 18:50:25] myapp.INFO: < 301 [] []
[2013-03-30 18:50:26] myapp.INFO: Matched route "home" (parameters: "_controller": "[{},"home"]", "_route": "home") [] []
[2013-03-30 18:50:26] myapp.INFO: > GET /fcom/web/home/ [] []
[2013-03-30 18:50:26] myapp.INFO: < 200 [] []
[2013-03-30 18:50:28] myapp.INFO: Matched route "home" (parameters: "_controller": "[{},"home"]", "_route": "home") [] []
[2013-03-30 18:50:28] myapp.INFO: > GET /fcom/web/home/ [] []
[2013-03-30 18:50:29] myapp.INFO: < 200 [] []
[2013-03-30 18:50:30] myapp.INFO: Matched route "contact" (parameters: "_controller": "[{},"contact"]", "_route": "contact") [] []
[2013-03-30 18:50:30] myapp.INFO: > GET /fcom/web/contact/ [] []
[2013-03-30 18:50:30] myapp.INFO: < 200 [] []
[2013-03-30 18:50:32] myapp.INFO: Matched route "satelliet" (parameters: "_controller": "[{},"satelliet"]", "_route": "satelliet") [] []
[2013-03-30 18:50:32] myapp.INFO: > GET /fcom/web/satelliet/ [] []
[2013-03-30 18:50:32] myapp.INFO: < 200 [] []
[2013-03-30 18:50:34] myapp.INFO: Matched route "hsware" (parameters: "_controller": "[{},"hsware"]", "_route": "hsware") [] []
[2013-03-30 18:50:34] myapp.INFO: > GET /fcom/web/hsware/ [] []
[2013-03-30 18:50:34] myapp.INFO: < 200 [] []
[2013-03-30 18:50:35] myapp.INFO: Matched route "tweedehands" (parameters: "_controller": "[{},"tweedehands"]", "_route": "tweedehands") [] []
[2013-03-30 18:50:35] myapp.INFO: > GET /fcom/web/tweedehands/ [] []
[2013-03-30 18:50:35] myapp.INFO: < 200 [] []
[2013-03-30 18:50:39] myapp.INFO: Matched route "home" (parameters: "_controller": "[{},"home"]", "_route": "home") [] []
[2013-03-30 18:50:39] myapp.INFO: > GET /fcom/web/home/ [] []
[2013-03-30 18:50:39] myapp.INFO: < 200 [] []
[2013-03-30 18:50:40] myapp.INFO: Matched route "home" (parameters: "_controller": "[{},"home"]", "_route": "home") [] []
[2013-03-30 18:50:40] myapp.INFO: > GET /fcom/web/home/ [] []
[2013-03-30 18:50:40] myapp.INFO: < 200 [] []
[2013-03-30 18:50:53] myapp.INFO: Matched route "GET_" (parameters: "_controller": "{}", "_route": "GET_") [] []
[2013-03-30 18:50:53] myapp.INFO: > GET /fcom/web/ [] []
[2013-03-30 18:50:53] myapp.INFO: < 302 [] []
[2013-03-30 18:50:53] myapp.INFO: Matched route "" (parameters: "_controller": "{}", "url": "/fcom/web/home/") [] []
[2013-03-30 18:50:53] myapp.INFO: > GET /fcom/web/home [] []
[2013-03-30 18:50:53] myapp.INFO: < 301 [] []
[2013-03-30 18:50:54] myapp.INFO: Matched route "home" (parameters: "_controller": "[{},"home"]", "_route": "home") [] []
[2013-03-30 18:50:54] myapp.INFO: > GET /fcom/web/home/ [] []
[2013-03-30 18:50:54] myapp.INFO: < 200 [] []
[2013-03-30 18:51:00] myapp.INFO: Matched route "GET_" (parameters: "_controller": "{}", "_route": "GET_") [] []
[2013-03-30 18:51:00] myapp.INFO: > GET /fcom/web/ [] []
[2013-03-30 18:51:00] myapp.INFO: < 302 [] []
[2013-03-30 18:51:00] myapp.INFO: Matched route "" (parameters: "_controller": "{}", "url": "/fcom/web/home/") [] []
[2013-03-30 18:51:00] myapp.INFO: > GET /fcom/web/home [] []
[2013-03-30 18:51:00] myapp.INFO: < 301 [] []
[2013-03-30 18:51:01] myapp.INFO: Matched route "home" (parameters: "_controller": "[{},"home"]", "_route": "home") [] []
[2013-03-30 18:51:01] myapp.INFO: > GET /fcom/web/home/ [] []
[2013-03-30 18:51:01] myapp.INFO: < 200 [] []
[2013-03-30 18:51:26] myapp.INFO: Matched route "GET_" (parameters: "_controller": "{}", "_route": "GET_") [] []
[2013-03-30 18:51:26] myapp.INFO: > GET /fcom/web/ [] []
[2013-03-30 18:51:26] myapp.INFO: < 302 [] []
[2013-03-30 18:51:26] myapp.INFO: Matched route "" (parameters: "_controller": "{}", "url": "/fcom/web/home/") [] []
[2013-03-30 18:51:26] myapp.INFO: > GET /fcom/web/home [] []
[2013-03-30 18:51:26] myapp.INFO: < 301 [] []
[2013-03-30 18:51:27] myapp.INFO: Matched route "home" (parameters: "_controller": "[{},"home"]", "_route": "home") [] []
[2013-03-30 18:51:27] myapp.INFO: > GET /fcom/web/home/ [] []
[2013-03-30 18:51:27] myapp.INFO: < 200 [] []
[2013-03-30 18:51:28] myapp.INFO: Matched route "GET_" (parameters: "_controller": "{}", "_route": "GET_") [] []
[2013-03-30 18:51:28] myapp.INFO: > GET /fcom/web/ [] []
[2013-03-30 18:51:28] myapp.INFO: < 302 [] []
[2013-03-30 18:51:28] myapp.INFO: Matched route "" (parameters: "_controller": "{}", "url": "/fcom/web/home/") [] []
[2013-03-30 18:51:28] myapp.INFO: > GET /fcom/web/home [] []
[2013-03-30 18:51:28] myapp.INFO: < 301 [] []
[2013-03-30 18:51:29] myapp.INFO: Matched route "home" (parameters: "_controller": "[{},"home"]", "_route": "home") [] []
[2013-03-30 18:51:29] myapp.INFO: > GET /fcom/web/home/ [] []
[2013-03-30 18:51:29] myapp.INFO: < 200 [] []
[2013-03-30 18:52:02] myapp.INFO: Matched route "home" (parameters: "_controller": "[{},"home"]", "_route": "home") [] []
[2013-03-30 18:52:02] myapp.INFO: > GET /fcom/web/home/ [] []
[2013-03-30 18:52:03] myapp.INFO: < 200 [] []
[2013-03-30 18:52:05] myapp.INFO: Matched route "home" (parameters: "_controller": "[{},"home"]", "_route": "home") [] []
[2013-03-30 18:52:05] myapp.INFO: > GET /fcom/web/home/ [] []
[2013-03-30 18:52:05] myapp.INFO: < 200 [] []
[2013-03-30 18:52:07] myapp.INFO: Matched route "contact" (parameters: "_controller": "[{},"contact"]", "_route": "contact") [] []
[2013-03-30 18:52:07] myapp.INFO: > GET /fcom/web/contact/ [] []
[2013-03-30 18:52:07] myapp.INFO: < 200 [] []
[2013-03-30 18:52:08] myapp.INFO: Matched route "hsware" (parameters: "_controller": "[{},"hsware"]", "_route": "hsware") [] []
[2013-03-30 18:52:08] myapp.INFO: > GET /fcom/web/hsware/ [] []
[2013-03-30 18:52:08] myapp.INFO: < 200 [] []
[2013-03-30 18:52:09] myapp.INFO: Matched route "satelliet" (parameters: "_controller": "[{},"satelliet"]", "_route": "satelliet") [] []
[2013-03-30 18:52:09] myapp.INFO: > GET /fcom/web/satelliet/ [] []
[2013-03-30 18:52:09] myapp.INFO: < 200 [] []
[2013-03-30 18:52:10] myapp.INFO: Matched route "tweedehands" (parameters: "_controller": "[{},"tweedehands"]", "_route": "tweedehands") [] []
[2013-03-30 18:52:10] myapp.INFO: > GET /fcom/web/tweedehands/ [] []
[2013-03-30 18:52:10] myapp.INFO: < 200 [] []
[2013-03-30 18:52:12] myapp.INFO: Matched route "satelliet" (parameters: "_controller": "[{},"satelliet"]", "_route": "satelliet") [] []
[2013-03-30 18:52:12] myapp.INFO: > GET /fcom/web/satelliet/ [] []
[2013-03-30 18:52:12] myapp.INFO: < 200 [] []
[2013-03-30 18:52:13] myapp.INFO: Matched route "contact" (parameters: "_controller": "[{},"contact"]", "_route": "contact") [] []
[2013-03-30 18:52:13] myapp.INFO: > GET /fcom/web/contact/ [] []
[2013-03-30 18:52:13] myapp.INFO: < 200 [] []
[2013-03-30 18:54:39] myapp.INFO: Matched route "tweedehands" (parameters: "_controller": "[{},"tweedehands"]", "_route": "tweedehands") [] []
[2013-03-30 18:54:39] myapp.INFO: > GET /fcom/web/tweedehands/ [] []
[2013-03-30 18:54:39] myapp.INFO: < 200 [] []
[2013-03-30 18:54:41] myapp.INFO: Matched route "contact" (parameters: "_controller": "[{},"contact"]", "_route": "contact") [] []
[2013-03-30 18:54:41] myapp.INFO: > GET /fcom/web/contact/ [] []
[2013-03-30 18:54:41] myapp.INFO: < 200 [] []
[2013-03-30 18:54:43] myapp.INFO: Matched route "satelliet" (parameters: "_controller": "[{},"satelliet"]", "_route": "satelliet") [] []
[2013-03-30 18:54:43] myapp.INFO: > GET /fcom/web/satelliet/ [] []
[2013-03-30 18:54:44] myapp.INFO: < 200 [] []
[2013-03-30 18:54:44] myapp.INFO: Matched route "hsware" (parameters: "_controller": "[{},"hsware"]", "_route": "hsware") [] []
[2013-03-30 18:54:44] myapp.INFO: > GET /fcom/web/hsware/ [] []
[2013-03-30 18:54:45] myapp.INFO: < 200 [] []
[2013-03-30 18:54:46] myapp.INFO: Matched route "home" (parameters: "_controller": "[{},"home"]", "_route": "home") [] []
[2013-03-30 18:54:46] myapp.INFO: > GET /fcom/web/home/ [] []
[2013-03-30 18:54:46] myapp.INFO: < 200 [] []
[2013-03-30 18:54:47] myapp.INFO: Matched route "satelliet" (parameters: "_controller": "[{},"satelliet"]", "_route": "satelliet") [] []
[2013-03-30 18:54:47] myapp.INFO: > GET /fcom/web/satelliet/ [] []
[2013-03-30 18:54:47] myapp.INFO: < 200 [] []
[2013-03-30 18:54:49] myapp.INFO: Matched route "satelliet" (parameters: "_controller": "[{},"satelliet"]", "_route": "satelliet") [] []
[2013-03-30 18:54:49] myapp.INFO: > GET /fcom/web/satelliet/ [] []
[2013-03-30 18:54:49] myapp.INFO: < 200 [] []
[2013-03-30 18:54:49] myapp.INFO: Matched route "tweedehands" (parameters: "_controller": "[{},"tweedehands"]", "_route": "tweedehands") [] []
[2013-03-30 18:54:49] myapp.INFO: > GET /fcom/web/tweedehands/ [] []
[2013-03-30 18:54:50] myapp.INFO: < 200 [] []
[2013-03-30 18:54:50] myapp.INFO: Matched route "satelliet" (parameters: "_controller": "[{},"satelliet"]", "_route": "satelliet") [] []
[2013-03-30 18:54:50] myapp.INFO: > GET /fcom/web/satelliet/ [] []
[2013-03-30 18:54:50] myapp.INFO: < 200 [] []
[2013-03-30 18:54:51] myapp.INFO: Matched route "contact" (parameters: "_controller": "[{},"contact"]", "_route": "contact") [] []
[2013-03-30 18:54:51] myapp.INFO: > GET /fcom/web/contact/ [] []
[2013-03-30 18:54:51] myapp.INFO: < 200 [] []
[2013-03-30 18:54:52] myapp.INFO: Matched route "contact" (parameters: "_controller": "[{},"contact"]", "_route": "contact") [] []
[2013-03-30 18:54:52] myapp.INFO: > GET /fcom/web/contact/ [] []
[2013-03-30 18:54:52] myapp.INFO: < 200 [] []
[2013-03-30 18:54:53] myapp.INFO: Matched route "home" (parameters: "_controller": "[{},"home"]", "_route": "home") [] []
[2013-03-30 18:54:53] myapp.INFO: > GET /fcom/web/home/ [] []
[2013-03-30 18:54:53] myapp.INFO: < 200 [] []
[2013-03-30 18:54:54] myapp.INFO: Matched route "satelliet" (parameters: "_controller": "[{},"satelliet"]", "_route": "satelliet") [] []
[2013-03-30 18:54:54] myapp.INFO: > GET /fcom/web/satelliet/ [] []
[2013-03-30 18:54:54] myapp.INFO: < 200 [] []
[2013-03-30 18:56:40] myapp.INFO: Matched route "_satellietGET_id" (parameters: "_controller": "[{},"detail"]", "id": "5", "_route": "_satellietGET_id") [] []
[2013-03-30 18:56:40] myapp.INFO: > GET /fcom/web/satelliet/5 [] []
[2013-03-30 18:56:40] myapp.INFO: < 200 [] []
[2013-03-30 18:56:48] myapp.INFO: Matched route "satelliet" (parameters: "_controller": "[{},"satelliet"]", "_route": "satelliet") [] []
[2013-03-30 18:56:48] myapp.INFO: > GET /fcom/web/satelliet/ [] []
[2013-03-30 18:56:48] myapp.INFO: < 200 [] []
[2013-03-30 20:32:18] myapp.INFO: Matched route "GET_" (parameters: "_controller": "{}", "_route": "GET_") [] []
[2013-03-30 20:32:18] myapp.INFO: > GET /fcom/web/ [] []
[2013-03-30 20:32:18] myapp.INFO: < 302 [] []
[2013-03-30 20:32:18] myapp.INFO: Matched route "" (parameters: "_controller": "{}", "url": "/fcom/web/home/") [] []
[2013-03-30 20:32:18] myapp.INFO: > GET /fcom/web/home [] []
[2013-03-30 20:32:18] myapp.INFO: < 301 [] []
[2013-03-30 20:32:19] myapp.INFO: Matched route "home" (parameters: "_controller": "[{},"home"]", "_route": "home") [] []
[2013-03-30 20:32:20] myapp.INFO: > GET /fcom/web/home/ [] []
[2013-03-30 20:32:20] myapp.INFO: < 200 [] []
[2013-03-30 20:32:22] myapp.INFO: Matched route "satelliet" (parameters: "_controller": "[{},"satelliet"]", "_route": "satelliet") [] []
[2013-03-30 20:32:22] myapp.INFO: > GET /fcom/web/satelliet/ [] []
[2013-03-30 20:33:20] myapp.INFO: Matched route "satelliet" (parameters: "_controller": "[{},"satelliet"]", "_route": "satelliet") [] []
[2013-03-30 20:33:20] myapp.INFO: > GET /fcom/web/satelliet/ [] []
[2013-03-30 20:33:20] myapp.DEBUG: SELECT * FROM satellieten [] []
[2013-03-30 20:33:21] myapp.CRITICAL: Twig_Error_Runtime: Item "id" for "Array" does not exist in "satelliet/satelliet.twig" at line 9 (uncaught exception) at /Applications/MAMP/htdocs/fcom/vendor/twig/twig/lib/Twig/Template.php line 382 [] []
[2013-03-30 20:33:21] myapp.INFO: < 500 [] []
[2013-03-30 20:33:21] myapp.INFO: Matched route "satelliet" (parameters: "_controller": "[{},"satelliet"]", "_route": "satelliet") [] []
[2013-03-30 20:33:21] myapp.INFO: > GET /fcom/web/satelliet/ [] []
[2013-03-30 20:33:21] myapp.DEBUG: SELECT * FROM satellieten [] []
[2013-03-30 20:33:21] myapp.CRITICAL: Twig_Error_Runtime: Item "id" for "Array" does not exist in "satelliet/satelliet.twig" at line 9 (uncaught exception) at /Applications/MAMP/htdocs/fcom/vendor/twig/twig/lib/Twig/Template.php line 382 [] []
[2013-03-30 20:33:21] myapp.INFO: < 500 [] []
[2013-03-30 20:33:48] myapp.INFO: Matched route "satelliet" (parameters: "_controller": "[{},"satelliet"]", "_route": "satelliet") [] []
[2013-03-30 20:33:48] myapp.INFO: > GET /fcom/web/satelliet/ [] []
[2013-03-30 20:33:48] myapp.DEBUG: SELECT * FROM satellieten [] []
[2013-03-30 20:33:48] myapp.CRITICAL: Twig_Error_Runtime: Item "satellietenid" for "Array" does not exist in "satelliet/satelliet.twig" at line 9 (uncaught exception) at /Applications/MAMP/htdocs/fcom/vendor/twig/twig/lib/Twig/Template.php line 382 [] []
[2013-03-30 20:33:48] myapp.INFO: < 500 [] []
[2013-03-30 20:33:49] myapp.INFO: Matched route "satelliet" (parameters: "_controller": "[{},"satelliet"]", "_route": "satelliet") [] []
[2013-03-30 20:33:49] myapp.INFO: > GET /fcom/web/satelliet/ [] []
[2013-03-30 20:33:49] myapp.DEBUG: SELECT * FROM satellieten [] []
[2013-03-30 20:33:49] myapp.CRITICAL: Twig_Error_Runtime: Item "satellietenid" for "Array" does not exist in "satelliet/satelliet.twig" at line 9 (uncaught exception) at /Applications/MAMP/htdocs/fcom/vendor/twig/twig/lib/Twig/Template.php line 382 [] []
[2013-03-30 20:33:49] myapp.INFO: < 500 [] []
[2013-03-30 20:34:10] myapp.INFO: Matched route "satelliet" (parameters: "_controller": "[{},"satelliet"]", "_route": "satelliet") [] []
[2013-03-30 20:34:10] myapp.INFO: > GET /fcom/web/satelliet/ [] []
[2013-03-30 20:34:10] myapp.DEBUG: SELECT * FROM satellieten [] []
[2013-03-30 20:34:10] myapp.INFO: < 200 [] []
[2013-03-30 20:34:28] myapp.INFO: Matched route "satelliet" (parameters: "_controller": "[{},"satelliet"]", "_route": "satelliet") [] []
[2013-03-30 20:34:28] myapp.INFO: > GET /fcom/web/satelliet/ [] []
[2013-03-30 20:34:28] myapp.DEBUG: SELECT * FROM satellieten [] []
[2013-03-30 20:34:29] myapp.INFO: < 200 [] []
[2013-03-30 20:38:39] myapp.INFO: Matched route "satelliet" (parameters: "_controller": "[{},"satelliet"]", "_route": "satelliet") [] []
[2013-03-30 20:38:39] myapp.INFO: > GET /fcom/web/satelliet/ [] []
[2013-03-30 20:38:39] myapp.DEBUG: SELECT * FROM satellieten [] []
[2013-03-30 20:38:39] myapp.CRITICAL: Twig_Error_Runtime: An exception has been thrown during the rendering of a template ("Some mandatory parameters are missing ("id") to generate a URL for route "satellietid".") in "satelliet/satelliet.twig" at line 9. (uncaught exception) at /Applications/MAMP/htdocs/fcom/vendor/twig/twig/lib/Twig/Template.php line 280 [] []
[2013-03-30 20:38:39] myapp.INFO: < 500 [] []
[2013-03-30 20:38:40] myapp.INFO: Matched route "satelliet" (parameters: "_controller": "[{},"satelliet"]", "_route": "satelliet") [] []
[2013-03-30 20:38:40] myapp.INFO: > GET /fcom/web/satelliet/ [] []
[2013-03-30 20:38:40] myapp.DEBUG: SELECT * FROM satellieten [] []
[2013-03-30 20:38:40] myapp.CRITICAL: Twig_Error_Runtime: An exception has been thrown during the rendering of a template ("Some mandatory parameters are missing ("id") to generate a URL for route "satellietid".") in "satelliet/satelliet.twig" at line 9. (uncaught exception) at /Applications/MAMP/htdocs/fcom/vendor/twig/twig/lib/Twig/Template.php line 280 [] []
[2013-03-30 20:38:40] myapp.INFO: < 500 [] []
[2013-03-30 20:38:58] myapp.INFO: Matched route "satelliet" (parameters: "_controller": "[{},"satelliet"]", "_route": "satelliet") [] []
[2013-03-30 20:38:58] myapp.INFO: > GET /fcom/web/satelliet/ [] []
[2013-03-30 20:38:58] myapp.DEBUG: SELECT * FROM satellieten [] []
[2013-03-30 20:38:58] myapp.CRITICAL: Twig_Error_Runtime: An exception has been thrown during the rendering of a template ("Some mandatory parameters are missing ("id") to generate a URL for route "satellietid".") in "satelliet/satelliet.twig" at line 9. (uncaught exception) at /Applications/MAMP/htdocs/fcom/vendor/twig/twig/lib/Twig/Template.php line 280 [] []
[2013-03-30 20:38:58] myapp.INFO: < 500 [] []
[2013-03-30 20:39:00] myapp.INFO: Matched route "satelliet" (parameters: "_controller": "[{},"satelliet"]", "_route": "satelliet") [] []
[2013-03-30 20:39:00] myapp.INFO: > GET /fcom/web/satelliet/ [] []
[2013-03-30 20:39:00] myapp.DEBUG: SELECT * FROM satellieten [] []
[2013-03-30 20:39:00] myapp.CRITICAL: Twig_Error_Runtime: An exception has been thrown during the rendering of a template ("Some mandatory parameters are missing ("id") to generate a URL for route "satellietid".") in "satelliet/satelliet.twig" at line 9. (uncaught exception) at /Applications/MAMP/htdocs/fcom/vendor/twig/twig/lib/Twig/Template.php line 280 [] []
[2013-03-30 20:39:00] myapp.INFO: < 500 [] []
[2013-03-30 20:39:00] myapp.INFO: Matched route "satelliet" (parameters: "_controller": "[{},"satelliet"]", "_route": "satelliet") [] []
[2013-03-30 20:39:00] myapp.INFO: > GET /fcom/web/satelliet/ [] []
[2013-03-30 20:39:00] myapp.DEBUG: SELECT * FROM satellieten [] []
[2013-03-30 20:39:00] myapp.CRITICAL: Twig_Error_Runtime: An exception has been thrown during the rendering of a template ("Some mandatory parameters are missing ("id") to generate a URL for route "satellietid".") in "satelliet/satelliet.twig" at line 9. (uncaught exception) at /Applications/MAMP/htdocs/fcom/vendor/twig/twig/lib/Twig/Template.php line 280 [] []
[2013-03-30 20:39:00] myapp.INFO: < 500 [] []
[2013-03-30 20:39:00] myapp.INFO: Matched route "satelliet" (parameters: "_controller": "[{},"satelliet"]", "_route": "satelliet") [] []
[2013-03-30 20:39:00] myapp.INFO: > GET /fcom/web/satelliet/ [] []
[2013-03-30 20:39:00] myapp.DEBUG: SELECT * FROM satellieten [] []
[2013-03-30 20:39:00] myapp.CRITICAL: Twig_Error_Runtime: An exception has been thrown during the rendering of a template ("Some mandatory parameters are missing ("id") to generate a URL for route "satellietid".") in "satelliet/satelliet.twig" at line 9. (uncaught exception) at /Applications/MAMP/htdocs/fcom/vendor/twig/twig/lib/Twig/Template.php line 280 [] []
[2013-03-30 20:39:00] myapp.INFO: < 500 [] []
[2013-03-30 20:39:01] myapp.INFO: Matched route "satelliet" (parameters: "_controller": "[{},"satelliet"]", "_route": "satelliet") [] []
[2013-03-30 20:39:01] myapp.INFO: > GET /fcom/web/satelliet/ [] []
[2013-03-30 20:39:01] myapp.DEBUG: SELECT * FROM satellieten [] []
[2013-03-30 20:39:01] myapp.CRITICAL: Twig_Error_Runtime: An exception has been thrown during the rendering of a template ("Some mandatory parameters are missing ("id") to generate a URL for route "satellietid".") in "satelliet/satelliet.twig" at line 9. (uncaught exception) at /Applications/MAMP/htdocs/fcom/vendor/twig/twig/lib/Twig/Template.php line 280 [] []
[2013-03-30 20:39:01] myapp.INFO: < 500 [] []
[2013-03-30 20:40:01] myapp.INFO: Matched route "satelliet" (parameters: "_controller": "[{},"satelliet"]", "_route": "satelliet") [] []
[2013-03-30 20:40:01] myapp.INFO: > GET /fcom/web/satelliet/ [] []
[2013-03-30 20:40:01] myapp.DEBUG: SELECT * FROM satellieten [] []
[2013-03-30 20:40:01] myapp.CRITICAL: Twig_Error_Runtime: An exception has been thrown during the rendering of a template ("Some mandatory parameters are missing ("id") to generate a URL for route "satellietid".") in "satelliet/satelliet.twig" at line 9. (uncaught exception) at /Applications/MAMP/htdocs/fcom/vendor/twig/twig/lib/Twig/Template.php line 280 [] []
[2013-03-30 20:40:01] myapp.INFO: < 500 [] []
[2013-03-30 20:40:02] myapp.INFO: Matched route "satelliet" (parameters: "_controller": "[{},"satelliet"]", "_route": "satelliet") [] []
[2013-03-30 20:40:02] myapp.INFO: > GET /fcom/web/satelliet/ [] []
[2013-03-30 20:40:02] myapp.DEBUG: SELECT * FROM satellieten [] []
[2013-03-30 20:40:02] myapp.CRITICAL: Twig_Error_Runtime: An exception has been thrown during the rendering of a template ("Some mandatory parameters are missing ("id") to generate a URL for route "satellietid".") in "satelliet/satelliet.twig" at line 9. (uncaught exception) at /Applications/MAMP/htdocs/fcom/vendor/twig/twig/lib/Twig/Template.php line 280 [] []
[2013-03-30 20:40:02] myapp.INFO: < 500 [] []
[2013-03-30 20:44:43] myapp.INFO: Matched route "satelliet" (parameters: "_controller": "[{},"satelliet"]", "_route": "satelliet") [] []
[2013-03-30 20:44:43] myapp.INFO: > GET /fcom/web/satelliet/ [] []
[2013-03-30 20:44:43] myapp.DEBUG: SELECT * FROM satellieten [] []
[2013-03-30 20:44:43] myapp.CRITICAL: Twig_Error_Runtime: An exception has been thrown during the rendering of a template ("Some mandatory parameters are missing ("id") to generate a URL for route "satelliet.detail".") in "satelliet/satelliet.twig" at line 9. (uncaught exception) at /Applications/MAMP/htdocs/fcom/vendor/twig/twig/lib/Twig/Template.php line 280 [] []
[2013-03-30 20:44:43] myapp.INFO: < 500 [] []
[2013-03-30 20:44:43] myapp.INFO: Matched route "satelliet" (parameters: "_controller": "[{},"satelliet"]", "_route": "satelliet") [] []
[2013-03-30 20:44:43] myapp.INFO: > GET /fcom/web/satelliet/ [] []
[2013-03-30 20:44:43] myapp.DEBUG: SELECT * FROM satellieten [] []
[2013-03-30 20:44:43] myapp.CRITICAL: Twig_Error_Runtime: An exception has been thrown during the rendering of a template ("Some mandatory parameters are missing ("id") to generate a URL for route "satelliet.detail".") in "satelliet/satelliet.twig" at line 9. (uncaught exception) at /Applications/MAMP/htdocs/fcom/vendor/twig/twig/lib/Twig/Template.php line 280 [] []
[2013-03-30 20:44:43] myapp.INFO: < 500 [] []
[2013-03-30 20:47:46] myapp.INFO: Matched route "satelliet" (parameters: "_controller": "[{},"satelliet"]", "_route": "satelliet") [] []
[2013-03-30 20:47:46] myapp.INFO: > GET /fcom/web/satelliet/ [] []
[2013-03-30 20:47:46] myapp.DEBUG: SELECT * FROM satellieten [] []
[2013-03-30 20:47:47] myapp.CRITICAL: Twig_Error_Runtime: Item "id" for "Array" does not exist in "satelliet/satelliet.twig" at line 9 (uncaught exception) at /Applications/MAMP/htdocs/fcom/vendor/twig/twig/lib/Twig/Template.php line 382 [] []
[2013-03-30 20:47:47] myapp.INFO: < 500 [] []
[2013-03-30 20:47:47] myapp.INFO: Matched route "satelliet" (parameters: "_controller": "[{},"satelliet"]", "_route": "satelliet") [] []
[2013-03-30 20:47:47] myapp.INFO: > GET /fcom/web/satelliet/ [] []
[2013-03-30 20:47:47] myapp.DEBUG: SELECT * FROM satellieten [] []
[2013-03-30 20:47:47] myapp.CRITICAL: Twig_Error_Runtime: Item "id" for "Array" does not exist in "satelliet/satelliet.twig" at line 9 (uncaught exception) at /Applications/MAMP/htdocs/fcom/vendor/twig/twig/lib/Twig/Template.php line 382 [] []
[2013-03-30 20:47:47] myapp.INFO: < 500 [] []
[2013-03-30 20:48:04] myapp.INFO: Matched route "satelliet" (parameters: "_controller": "[{},"satelliet"]", "_route": "satelliet") [] []
[2013-03-30 20:48:04] myapp.INFO: > GET /fcom/web/satelliet/ [] []
[2013-03-30 20:48:04] myapp.DEBUG: SELECT * FROM satellieten [] []
[2013-03-30 20:48:04] myapp.INFO: < 200 [] []
[2013-03-30 20:48:04] myapp.INFO: Matched route "satelliet" (parameters: "_controller": "[{},"satelliet"]", "_route": "satelliet") [] []
[2013-03-30 20:48:04] myapp.INFO: > GET /fcom/web/satelliet/ [] []
[2013-03-30 20:48:04] myapp.DEBUG: SELECT * FROM satellieten [] []
[2013-03-30 20:48:04] myapp.INFO: < 200 [] []
[2013-03-30 20:48:11] myapp.INFO: Matched route "satelliet.detail" (parameters: "_controller": "[{},"detail"]", "id": "3", "_route": "satelliet.detail") [] []
[2013-03-30 20:48:11] myapp.INFO: > GET /fcom/web/satelliet/3 [] []
[2013-03-30 20:48:11] myapp.INFO: < 200 [] []
[2013-03-30 20:48:21] myapp.INFO: Matched route "satelliet" (parameters: "_controller": "[{},"satelliet"]", "_route": "satelliet") [] []
[2013-03-30 20:48:21] myapp.INFO: > GET /fcom/web/satelliet/ [] []
[2013-03-30 20:48:21] myapp.DEBUG: SELECT * FROM satellieten [] []
[2013-03-30 20:48:21] myapp.CRITICAL: Twig_Error_Runtime: Variable "id" does not exist in "satelliet/satelliet.twig" at line 9 (uncaught exception) at /Applications/MAMP/htdocs/fcom/vendor/twig/twig/lib/Twig/Template.php line 318 [] []
[2013-03-30 20:48:21] myapp.INFO: < 500 [] []
[2013-03-30 20:48:32] myapp.INFO: Matched route "satelliet" (parameters: "_controller": "[{},"satelliet"]", "_route": "satelliet") [] []
[2013-03-30 20:48:32] myapp.INFO: > GET /fcom/web/satelliet/ [] []
[2013-03-30 20:48:32] myapp.DEBUG: SELECT * FROM satellieten [] []
[2013-03-30 20:48:33] myapp.CRITICAL: Twig_Error_Runtime: Item "id" for "Array" does not exist in "satelliet/satelliet.twig" at line 9 (uncaught exception) at /Applications/MAMP/htdocs/fcom/vendor/twig/twig/lib/Twig/Template.php line 382 [] []
[2013-03-30 20:48:33] myapp.INFO: < 500 [] []
[2013-03-30 20:48:33] myapp.INFO: Matched route "satelliet" (parameters: "_controller": "[{},"satelliet"]", "_route": "satelliet") [] []
[2013-03-30 20:48:33] myapp.INFO: > GET /fcom/web/satelliet/ [] []
[2013-03-30 20:48:33] myapp.DEBUG: SELECT * FROM satellieten [] []
[2013-03-30 20:48:33] myapp.CRITICAL: Twig_Error_Runtime: Item "id" for "Array" does not exist in "satelliet/satelliet.twig" at line 9 (uncaught exception) at /Applications/MAMP/htdocs/fcom/vendor/twig/twig/lib/Twig/Template.php line 382 [] []
[2013-03-30 20:48:33] myapp.INFO: < 500 [] []
[2013-03-30 20:48:33] myapp.INFO: Matched route "satelliet" (parameters: "_controller": "[{},"satelliet"]", "_route": "satelliet") [] []
[2013-03-30 20:48:33] myapp.INFO: > GET /fcom/web/satelliet/ [] []
[2013-03-30 20:48:33] myapp.DEBUG: SELECT * FROM satellieten [] []
[2013-03-30 20:48:33] myapp.CRITICAL: Twig_Error_Runtime: Item "id" for "Array" does not exist in "satelliet/satelliet.twig" at line 9 (uncaught exception) at /Applications/MAMP/htdocs/fcom/vendor/twig/twig/lib/Twig/Template.php line 382 [] []
[2013-03-30 20:48:33] myapp.INFO: < 500 [] []
[2013-03-30 20:49:27] myapp.INFO: Matched route "satelliet" (parameters: "_controller": "[{},"satelliet"]", "_route": "satelliet") [] []
[2013-03-30 20:49:27] myapp.INFO: > GET /fcom/web/satelliet/ [] []
[2013-03-30 20:49:27] myapp.DEBUG: SELECT * FROM satellieten [] []
[2013-03-30 20:49:27] myapp.CRITICAL: Twig_Error_Runtime: Item "id" for "Array" does not exist in "satelliet/satelliet.twig" at line 9 (uncaught exception) at /Applications/MAMP/htdocs/fcom/vendor/twig/twig/lib/Twig/Template.php line 382 [] []
[2013-03-30 20:49:27] myapp.INFO: < 500 [] []
[2013-03-30 20:49:28] myapp.INFO: Matched route "satelliet" (parameters: "_controller": "[{},"satelliet"]", "_route": "satelliet") [] []
[2013-03-30 20:49:28] myapp.INFO: > GET /fcom/web/satelliet/ [] []
[2013-03-30 20:49:28] myapp.DEBUG: SELECT * FROM satellieten [] []
[2013-03-30 20:49:28] myapp.CRITICAL: Twig_Error_Runtime: Item "id" for "Array" does not exist in "satelliet/satelliet.twig" at line 9 (uncaught exception) at /Applications/MAMP/htdocs/fcom/vendor/twig/twig/lib/Twig/Template.php line 382 [] []
[2013-03-30 20:49:28] myapp.INFO: < 500 [] []
[2013-03-30 20:49:28] myapp.INFO: Matched route "satelliet" (parameters: "_controller": "[{},"satelliet"]", "_route": "satelliet") [] []
[2013-03-30 20:49:28] myapp.INFO: > GET /fcom/web/satelliet/ [] []
[2013-03-30 20:49:28] myapp.DEBUG: SELECT * FROM satellieten [] []
[2013-03-30 20:49:28] myapp.CRITICAL: Twig_Error_Runtime: Item "id" for "Array" does not exist in "satelliet/satelliet.twig" at line 9 (uncaught exception) at /Applications/MAMP/htdocs/fcom/vendor/twig/twig/lib/Twig/Template.php line 382 [] []
[2013-03-30 20:49:28] myapp.INFO: < 500 [] []
[2013-03-30 20:49:28] myapp.INFO: Matched route "satelliet" (parameters: "_controller": "[{},"satelliet"]", "_route": "satelliet") [] []
[2013-03-30 20:49:28] myapp.INFO: > GET /fcom/web/satelliet/ [] []
[2013-03-30 20:49:28] myapp.DEBUG: SELECT * FROM satellieten [] []
[2013-03-30 20:49:28] myapp.CRITICAL: Twig_Error_Runtime: Item "id" for "Array" does not exist in "satelliet/satelliet.twig" at line 9 (uncaught exception) at /Applications/MAMP/htdocs/fcom/vendor/twig/twig/lib/Twig/Template.php line 382 [] []
[2013-03-30 20:49:28] myapp.INFO: < 500 [] []
[2013-03-30 20:49:28] myapp.INFO: Matched route "satelliet" (parameters: "_controller": "[{},"satelliet"]", "_route": "satelliet") [] []
[2013-03-30 20:49:28] myapp.INFO: > GET /fcom/web/satelliet/ [] []
[2013-03-30 20:49:28] myapp.DEBUG: SELECT * FROM satellieten [] []
[2013-03-30 20:49:28] myapp.CRITICAL: Twig_Error_Runtime: Item "id" for "Array" does not exist in "satelliet/satelliet.twig" at line 9 (uncaught exception) at /Applications/MAMP/htdocs/fcom/vendor/twig/twig/lib/Twig/Template.php line 382 [] []
[2013-03-30 20:49:28] myapp.INFO: < 500 [] []
[2013-03-30 20:49:29] myapp.INFO: Matched route "satelliet" (parameters: "_controller": "[{},"satelliet"]", "_route": "satelliet") [] []
[2013-03-30 20:49:29] myapp.INFO: > GET /fcom/web/satelliet/ [] []
[2013-03-30 20:49:29] myapp.DEBUG: SELECT * FROM satellieten [] []
[2013-03-30 20:49:29] myapp.CRITICAL: Twig_Error_Runtime: Item "id" for "Array" does not exist in "satelliet/satelliet.twig" at line 9 (uncaught exception) at /Applications/MAMP/htdocs/fcom/vendor/twig/twig/lib/Twig/Template.php line 382 [] []
[2013-03-30 20:49:29] myapp.INFO: < 500 [] []
[2013-03-30 20:49:29] myapp.INFO: Matched route "satelliet" (parameters: "_controller": "[{},"satelliet"]", "_route": "satelliet") [] []
[2013-03-30 20:49:29] myapp.INFO: > GET /fcom/web/satelliet/ [] []
[2013-03-30 20:49:29] myapp.DEBUG: SELECT * FROM satellieten [] []
[2013-03-30 20:49:29] myapp.CRITICAL: Twig_Error_Runtime: Item "id" for "Array" does not exist in "satelliet/satelliet.twig" at line 9 (uncaught exception) at /Applications/MAMP/htdocs/fcom/vendor/twig/twig/lib/Twig/Template.php line 382 [] []
[2013-03-30 20:49:29] myapp.INFO: < 500 [] []
[2013-03-30 20:49:29] myapp.INFO: Matched route "satelliet" (parameters: "_controller": "[{},"satelliet"]", "_route": "satelliet") [] []
[2013-03-30 20:49:29] myapp.INFO: > GET /fcom/web/satelliet/ [] []
[2013-03-30 20:49:29] myapp.DEBUG: SELECT * FROM satellieten [] []
[2013-03-30 20:49:29] myapp.CRITICAL: Twig_Error_Runtime: Item "id" for "Array" does not exist in "satelliet/satelliet.twig" at line 9 (uncaught exception) at /Applications/MAMP/htdocs/fcom/vendor/twig/twig/lib/Twig/Template.php line 382 [] []
[2013-03-30 20:49:29] myapp.INFO: < 500 [] []
[2013-03-30 20:49:29] myapp.INFO: Matched route "satelliet" (parameters: "_controller": "[{},"satelliet"]", "_route": "satelliet") [] []
[2013-03-30 20:49:29] myapp.INFO: > GET /fcom/web/satelliet/ [] []
[2013-03-30 20:49:29] myapp.DEBUG: SELECT * FROM satellieten [] []
[2013-03-30 20:49:29] myapp.CRITICAL: Twig_Error_Runtime: Item "id" for "Array" does not exist in "satelliet/satelliet.twig" at line 9 (uncaught exception) at /Applications/MAMP/htdocs/fcom/vendor/twig/twig/lib/Twig/Template.php line 382 [] []
[2013-03-30 20:49:29] myapp.INFO: < 500 [] []
[2013-03-30 20:49:53] myapp.INFO: Matched route "satelliet" (parameters: "_controller": "[{},"satelliet"]", "_route": "satelliet") [] []
[2013-03-30 20:49:53] myapp.INFO: > GET /fcom/web/satelliet/ [] []
[2013-03-30 20:49:53] myapp.DEBUG: SELECT * FROM satellieten [] []
[2013-03-30 20:49:53] myapp.INFO: < 200 [] []
[2013-03-30 20:51:45] myapp.INFO: Matched route "satelliet" (parameters: "_controller": "[{},"satelliet"]", "_route": "satelliet") [] []
[2013-03-30 20:51:45] myapp.INFO: > GET /fcom/web/satelliet/ [] []
[2013-03-30 20:51:45] myapp.DEBUG: SELECT * FROM satellieten [] []
[2013-03-30 20:51:45] myapp.INFO: < 200 [] []
[2013-03-30 20:51:47] myapp.INFO: Matched route "satelliet.detail" (parameters: "_controller": "[{},"detail"]", "id": "1", "_route": "satelliet.detail") [] []
[2013-03-30 20:51:47] myapp.INFO: > GET /fcom/web/satelliet/1 [] []
[2013-03-30 20:51:47] myapp.CRITICAL: Twig_Error_Runtime: Variable "id" does not exist in "satelliet/detail.twig" at line 7 (uncaught exception) at /Applications/MAMP/htdocs/fcom/vendor/twig/twig/lib/Twig/Template.php line 318 [] []
[2013-03-30 20:51:47] myapp.INFO: < 500 [] []
[2013-03-30 20:52:20] myapp.INFO: Matched route "satelliet.detail" (parameters: "_controller": "[{},"detail"]", "id": "1", "_route": "satelliet.detail") [] []
[2013-03-30 20:52:20] myapp.INFO: > GET /fcom/web/satelliet/1 [] []
[2013-03-30 20:52:20] myapp.CRITICAL: Twig_Error_Runtime: Variable "titel" does not exist in "satelliet/detail.twig" at line 8 (uncaught exception) at /Applications/MAMP/htdocs/fcom/vendor/twig/twig/lib/Twig/Template.php line 318 [] []
[2013-03-30 20:52:20] myapp.INFO: < 500 [] []
[2013-03-30 20:52:20] myapp.INFO: Matched route "satelliet.detail" (parameters: "_controller": "[{},"detail"]", "id": "1", "_route": "satelliet.detail") [] []
[2013-03-30 20:52:20] myapp.INFO: > GET /fcom/web/satelliet/1 [] []
[2013-03-30 20:52:20] myapp.CRITICAL: Twig_Error_Runtime: Variable "titel" does not exist in "satelliet/detail.twig" at line 8 (uncaught exception) at /Applications/MAMP/htdocs/fcom/vendor/twig/twig/lib/Twig/Template.php line 318 [] []
[2013-03-30 20:52:20] myapp.INFO: < 500 [] []
[2013-03-30 20:54:34] myapp.INFO: Matched route "satelliet.detail" (parameters: "_controller": "[{},"detail"]", "id": "1", "_route": "satelliet.detail") [] []
[2013-03-30 20:54:34] myapp.INFO: > GET /fcom/web/satelliet/1 [] []
[2013-03-30 20:54:34] myapp.DEBUG: SELECT * FROM satellieten WHERE satellieten.id = ? ["1"] []
[2013-03-30 20:54:34] myapp.CRITICAL: PDOException: SQLSTATE[42S22]: Column not found: 1054 Unknown column 'satellieten.id' in 'where clause' (uncaught exception) at /Applications/MAMP/htdocs/fcom/vendor/doctrine/dbal/lib/Doctrine/DBAL/Connection.php line 615 [] []
[2013-03-30 20:54:34] myapp.INFO: < 500 [] []
[2013-03-30 20:54:34] myapp.INFO: Matched route "satelliet.detail" (parameters: "_controller": "[{},"detail"]", "id": "1", "_route": "satelliet.detail") [] []
[2013-03-30 20:54:34] myapp.INFO: > GET /fcom/web/satelliet/1 [] []
[2013-03-30 20:54:34] myapp.DEBUG: SELECT * FROM satellieten WHERE satellieten.id = ? ["1"] []
[2013-03-30 20:54:34] myapp.CRITICAL: PDOException: SQLSTATE[42S22]: Column not found: 1054 Unknown column 'satellieten.id' in 'where clause' (uncaught exception) at /Applications/MAMP/htdocs/fcom/vendor/doctrine/dbal/lib/Doctrine/DBAL/Connection.php line 615 [] []
[2013-03-30 20:54:34] myapp.INFO: < 500 [] []
[2013-03-30 20:54:58] myapp.INFO: Matched route "satelliet.detail" (parameters: "_controller": "[{},"detail"]", "id": "1", "_route": "satelliet.detail") [] []
[2013-03-30 20:54:58] myapp.INFO: > GET /fcom/web/satelliet/1 [] []
[2013-03-30 20:54:58] myapp.DEBUG: SELECT * FROM satellieten WHERE satellieten.satellietenId = ? ["1"] []
[2013-03-30 20:54:58] myapp.INFO: < 200 [] []
[2013-03-30 20:54:59] myapp.INFO: Matched route "satelliet.detail" (parameters: "_controller": "[{},"detail"]", "id": "1", "_route": "satelliet.detail") [] []
[2013-03-30 20:54:59] myapp.INFO: > GET /fcom/web/satelliet/1 [] []
[2013-03-30 20:54:59] myapp.DEBUG: SELECT * FROM satellieten WHERE satellieten.satellietenId = ? ["1"] []
[2013-03-30 20:54:59] myapp.INFO: < 200 [] []
[2013-03-30 20:55:58] myapp.INFO: Matched route "satelliet.detail" (parameters: "_controller": "[{},"detail"]", "id": "1", "_route": "satelliet.detail") [] []
[2013-03-30 20:55:58] myapp.INFO: > GET /fcom/web/satelliet/1 [] []
[2013-03-30 20:55:58] myapp.DEBUG: SELECT * FROM satellieten WHERE satellieten.satellietenId = ? ["1"] []
[2013-03-30 20:55:58] myapp.INFO: < 200 [] []
[2013-03-30 20:55:59] myapp.INFO: Matched route "satelliet.detail" (parameters: "_controller": "[{},"detail"]", "id": "1", "_route": "satelliet.detail") [] []
[2013-03-30 20:55:59] myapp.INFO: > GET /fcom/web/satelliet/1 [] []
[2013-03-30 20:55:59] myapp.DEBUG: SELECT * FROM satellieten WHERE satellieten.satellietenId = ? ["1"] []
[2013-03-30 20:55:59] myapp.INFO: < 200 [] []
[2013-03-30 20:56:02] myapp.INFO: Matched route "satelliet" (parameters: "_controller": "[{},"satelliet"]", "_route": "satelliet") [] []
[2013-03-30 20:56:02] myapp.INFO: > GET /fcom/web/satelliet/ [] []
[2013-03-30 20:56:03] myapp.DEBUG: SELECT * FROM satellieten [] []
[2013-03-30 20:56:03] myapp.INFO: < 200 [] []
[2013-03-30 20:56:16] myapp.INFO: Matched route "satelliet.detail" (parameters: "_controller": "[{},"detail"]", "id": "1", "_route": "satelliet.detail") [] []
[2013-03-30 20:56:16] myapp.INFO: > GET /fcom/web/satelliet/1 [] []
[2013-03-30 20:56:16] myapp.DEBUG: SELECT * FROM satellieten WHERE satellieten.satellietenId = ? ["1"] []
[2013-03-30 20:56:16] myapp.INFO: < 200 [] []
[2013-03-30 20:57:11] myapp.INFO: Matched route "satelliet" (parameters: "_controller": "[{},"satelliet"]", "_route": "satelliet") [] []
[2013-03-30 20:57:11] myapp.INFO: > GET /fcom/web/satelliet/ [] []
[2013-03-30 20:57:11] myapp.DEBUG: SELECT * FROM satellieten [] []
[2013-03-30 20:57:11] myapp.INFO: < 200 [] []
[2013-03-30 20:57:12] myapp.INFO: Matched route "satelliet" (parameters: "_controller": "[{},"satelliet"]", "_route": "satelliet") [] []
[2013-03-30 20:57:12] myapp.INFO: > GET /fcom/web/satelliet/ [] []
[2013-03-30 20:57:12] myapp.DEBUG: SELECT * FROM satellieten [] []
[2013-03-30 20:57:12] myapp.INFO: < 200 [] []
[2013-03-30 20:57:13] myapp.INFO: Matched route "satelliet" (parameters: "_controller": "[{},"satelliet"]", "_route": "satelliet") [] []
[2013-03-30 20:57:13] myapp.INFO: > GET /fcom/web/satelliet/ [] []
[2013-03-30 20:57:13] myapp.DEBUG: SELECT * FROM satellieten [] []
[2013-03-30 20:57:13] myapp.INFO: < 200 [] []
[2013-03-30 20:57:13] myapp.INFO: Matched route "satelliet" (parameters: "_controller": "[{},"satelliet"]", "_route": "satelliet") [] []
[2013-03-30 20:57:13] myapp.INFO: > GET /fcom/web/satelliet/ [] []
[2013-03-30 20:57:13] myapp.DEBUG: SELECT * FROM satellieten [] []
[2013-03-30 20:57:13] myapp.INFO: < 200 [] []
[2013-03-30 20:57:29] myapp.INFO: Matched route "satelliet" (parameters: "_controller": "[{},"satelliet"]", "_route": "satelliet") [] []
[2013-03-30 20:57:29] myapp.INFO: > GET /fcom/web/satelliet/ [] []
[2013-03-30 20:57:29] myapp.DEBUG: SELECT * FROM satellieten [] []
[2013-03-30 20:57:29] myapp.INFO: < 200 [] []
[2013-03-30 20:57:29] myapp.INFO: Matched route "satelliet" (parameters: "_controller": "[{},"satelliet"]", "_route": "satelliet") [] []
[2013-03-30 20:57:29] myapp.INFO: > GET /fcom/web/satelliet/ [] []
[2013-03-30 20:57:29] myapp.DEBUG: SELECT * FROM satellieten [] []
[2013-03-30 20:57:30] myapp.INFO: < 200 [] []
[2013-03-30 20:57:37] myapp.INFO: Matched route "satelliet" (parameters: "_controller": "[{},"satelliet"]", "_route": "satelliet") [] []
[2013-03-30 20:57:37] myapp.INFO: > GET /fcom/web/satelliet/ [] []
[2013-03-30 20:57:37] myapp.DEBUG: SELECT * FROM satellieten [] []
[2013-03-30 20:57:37] myapp.INFO: < 200 [] []
[2013-03-30 20:57:39] myapp.INFO: Matched route "satelliet" (parameters: "_controller": "[{},"satelliet"]", "_route": "satelliet") [] []
[2013-03-30 20:57:39] myapp.INFO: > GET /fcom/web/satelliet/ [] []
[2013-03-30 20:57:39] myapp.DEBUG: SELECT * FROM satellieten [] []
[2013-03-30 20:57:39] myapp.INFO: < 200 [] []
[2013-03-30 20:57:41] myapp.INFO: Matched route "satelliet.detail" (parameters: "_controller": "[{},"detail"]", "id": "1", "_route": "satelliet.detail") [] []
[2013-03-30 20:57:41] myapp.INFO: > GET /fcom/web/satelliet/1 [] []
[2013-03-30 20:57:41] myapp.DEBUG: SELECT * FROM satellieten WHERE satellieten.satellietenId = ? ["1"] []
[2013-03-30 20:57:41] myapp.INFO: < 200 [] []
[2013-03-30 20:57:49] myapp.INFO: Matched route "satelliet" (parameters: "_controller": "[{},"satelliet"]", "_route": "satelliet") [] []
[2013-03-30 20:57:49] myapp.INFO: > GET /fcom/web/satelliet/ [] []
[2013-03-30 20:57:49] myapp.DEBUG: SELECT * FROM satellieten [] []
[2013-03-30 20:57:49] myapp.INFO: < 200 [] []
[2013-03-30 20:58:04] myapp.INFO: Matched route "satelliet.detail" (parameters: "_controller": "[{},"detail"]", "id": "1", "_route": "satelliet.detail") [] []
[2013-03-30 20:58:04] myapp.INFO: > GET /fcom/web/satelliet/1 [] []
[2013-03-30 20:58:04] myapp.DEBUG: SELECT * FROM satellieten WHERE satellieten.satellietenId = ? ["1"] []
[2013-03-30 20:58:04] myapp.INFO: < 200 [] []
[2013-03-30 20:58:13] myapp.INFO: Matched route "satelliet" (parameters: "_controller": "[{},"satelliet"]", "_route": "satelliet") [] []
[2013-03-30 20:58:13] myapp.INFO: > GET /fcom/web/satelliet/ [] []
[2013-03-30 20:58:13] myapp.DEBUG: SELECT * FROM satellieten [] []
[2013-03-30 20:58:13] myapp.INFO: < 200 [] []
[2013-03-30 20:58:16] myapp.INFO: Matched route "satelliet.detail" (parameters: "_controller": "[{},"detail"]", "id": "3", "_route": "satelliet.detail") [] []
[2013-03-30 20:58:16] myapp.INFO: > GET /fcom/web/satelliet/3 [] []
[2013-03-30 20:58:16] myapp.DEBUG: SELECT * FROM satellieten WHERE satellieten.satellietenId = ? ["3"] []
[2013-03-30 20:58:16] myapp.INFO: < 200 [] []
[2013-03-30 20:58:26] myapp.INFO: Matched route "satelliet" (parameters: "_controller": "[{},"satelliet"]", "_route": "satelliet") [] []
[2013-03-30 20:58:26] myapp.INFO: > GET /fcom/web/satelliet/ [] []
[2013-03-30 20:58:26] myapp.DEBUG: SELECT * FROM satellieten [] []
[2013-03-30 20:58:26] myapp.INFO: < 200 [] []
[2013-03-30 20:58:30] myapp.INFO: Matched route "satelliet.detail" (parameters: "_controller": "[{},"detail"]", "id": "2", "_route": "satelliet.detail") [] []
[2013-03-30 20:58:30] myapp.INFO: > GET /fcom/web/satelliet/2 [] []
[2013-03-30 20:58:30] myapp.DEBUG: SELECT * FROM satellieten WHERE satellieten.satellietenId = ? ["2"] []
[2013-03-30 20:58:31] myapp.INFO: < 200 [] []
[2013-03-30 20:58:35] myapp.INFO: Matched route "satelliet" (parameters: "_controller": "[{},"satelliet"]", "_route": "satelliet") [] []
[2013-03-30 20:58:35] myapp.INFO: > GET /fcom/web/satelliet/ [] []
[2013-03-30 20:58:35] myapp.DEBUG: SELECT * FROM satellieten [] []
[2013-03-30 20:58:35] myapp.INFO: < 200 [] []
[2013-03-30 21:00:18] myapp.INFO: Matched route "satelliet" (parameters: "_controller": "[{},"satelliet"]", "_route": "satelliet") [] []
[2013-03-30 21:00:18] myapp.INFO: > GET /fcom/web/satelliet/ [] []
[2013-03-30 21:00:18] myapp.DEBUG: SELECT * FROM satellieten [] []
[2013-03-30 21:00:18] myapp.INFO: < 200 [] []
[2013-03-30 21:00:32] myapp.INFO: Matched route "satelliet.detail" (parameters: "_controller": "[{},"detail"]", "id": "4", "_route": "satelliet.detail") [] []
[2013-03-30 21:00:32] myapp.INFO: > GET /fcom/web/satelliet/4 [] []
[2013-03-30 21:00:32] myapp.DEBUG: SELECT * FROM satellieten WHERE satellieten.satellietenId = ? ["4"] []
[2013-03-30 21:00:32] myapp.INFO: < 200 [] []
[2013-03-30 21:02:09] myapp.INFO: Matched route "satelliet" (parameters: "_controller": "[{},"satelliet"]", "_route": "satelliet") [] []
[2013-03-30 21:02:09] myapp.INFO: > GET /fcom/web/satelliet/ [] []
[2013-03-30 21:02:09] myapp.DEBUG: SELECT * FROM satellieten [] []
[2013-03-30 21:02:09] myapp.INFO: < 200 [] []
[2013-03-30 21:02:25] myapp.INFO: Matched route "satelliet" (parameters: "_controller": "[{},"satelliet"]", "_route": "satelliet") [] []
[2013-03-30 21:02:25] myapp.INFO: > GET /fcom/web/satelliet/ [] []
[2013-03-30 21:02:25] myapp.DEBUG: SELECT * FROM satellieten [] []
[2013-03-30 21:02:25] myapp.INFO: < 200 [] []
[2013-03-30 21:02:26] myapp.INFO: Matched route "satelliet" (parameters: "_controller": "[{},"satelliet"]", "_route": "satelliet") [] []
[2013-03-30 21:02:26] myapp.INFO: > GET /fcom/web/satelliet/ [] []
[2013-03-30 21:02:26] myapp.DEBUG: SELECT * FROM satellieten [] []
[2013-03-30 21:02:26] myapp.INFO: < 200 [] []
[2013-03-30 21:02:44] myapp.INFO: Matched route "satelliet" (parameters: "_controller": "[{},"satelliet"]", "_route": "satelliet") [] []
[2013-03-30 21:02:44] myapp.INFO: > GET /fcom/web/satelliet/ [] []
[2013-03-30 21:02:44] myapp.DEBUG: SELECT * FROM satellieten [] []
[2013-03-30 21:02:44] myapp.INFO: < 200 [] []
[2013-03-30 21:02:57] myapp.INFO: Matched route "satelliet" (parameters: "_controller": "[{},"satelliet"]", "_route": "satelliet") [] []
[2013-03-30 21:02:57] myapp.INFO: > GET /fcom/web/satelliet/ [] []
[2013-03-30 21:02:57] myapp.DEBUG: SELECT * FROM satellieten [] []
[2013-03-30 21:02:57] myapp.INFO: < 200 [] []
[2013-03-30 21:03:05] myapp.INFO: Matched route "satelliet.detail" (parameters: "_controller": "[{},"detail"]", "id": "1", "_route": "satelliet.detail") [] []
[2013-03-30 21:03:05] myapp.INFO: > GET /fcom/web/satelliet/1 [] []
[2013-03-30 21:03:05] myapp.DEBUG: SELECT * FROM satellieten WHERE satellieten.satellietenId = ? ["1"] []
[2013-03-30 21:03:05] myapp.INFO: < 200 [] []
[2013-03-30 21:03:08] myapp.INFO: Matched route "satelliet.detail" (parameters: "_controller": "[{},"detail"]", "id": "2", "_route": "satelliet.detail") [] []
[2013-03-30 21:03:08] myapp.INFO: > GET /fcom/web/satelliet/2 [] []
[2013-03-30 21:03:08] myapp.DEBUG: SELECT * FROM satellieten WHERE satellieten.satellietenId = ? ["2"] []
[2013-03-30 21:03:08] myapp.INFO: < 200 [] []
[2013-03-30 21:11:24] myapp.INFO: Matched route "home" (parameters: "_controller": "[{},"home"]", "_route": "home") [] []
[2013-03-30 21:11:24] myapp.INFO: > GET /fcom/web/home/ [] []
[2013-03-30 21:11:24] myapp.INFO: < 200 [] []
[2013-03-30 21:11:29] myapp.INFO: Matched route "contact" (parameters: "_controller": "[{},"contact"]", "_route": "contact") [] []
[2013-03-30 21:11:29] myapp.INFO: > GET /fcom/web/contact/ [] []
[2013-03-30 21:11:29] myapp.INFO: < 200 [] []
[2013-03-31 11:31:13] myapp.INFO: Matched route "GET_" (parameters: "_controller": "{}", "_route": "GET_") [] []
[2013-03-31 11:31:13] myapp.INFO: > GET /fcom/web/ [] []
[2013-03-31 11:31:13] myapp.INFO: < 302 [] []
[2013-03-31 11:31:13] myapp.INFO: Matched route "" (parameters: "_controller": "{}", "url": "/fcom/web/home/") [] []
[2013-03-31 11:31:13] myapp.INFO: > GET /fcom/web/home [] []
[2013-03-31 11:31:13] myapp.INFO: < 301 [] []
[2013-03-31 11:31:14] myapp.INFO: Matched route "home" (parameters: "_controller": "[{},"home"]", "_route": "home") [] []
[2013-03-31 11:31:14] myapp.INFO: > GET /fcom/web/home/ [] []
[2013-03-31 11:31:14] myapp.INFO: < 200 [] []
[2013-03-31 11:31:26] myapp.INFO: Matched route "home" (parameters: "_controller": "[{},"home"]", "_route": "home") [] []
[2013-03-31 11:31:26] myapp.INFO: > GET /fcom/web/home/ [] []
[2013-03-31 11:31:26] myapp.INFO: < 200 [] []
[2013-03-31 11:31:28] myapp.INFO: Matched route "contact" (parameters: "_controller": "[{},"contact"]", "_route": "contact") [] []
[2013-03-31 11:31:28] myapp.INFO: > GET /fcom/web/contact/ [] []
[2013-03-31 11:31:28] myapp.INFO: < 200 [] []
[2013-03-31 11:31:30] myapp.INFO: Matched route "satelliet" (parameters: "_controller": "[{},"satelliet"]", "_route": "satelliet") [] []
[2013-03-31 11:31:30] myapp.INFO: > GET /fcom/web/satelliet/ [] []
[2013-03-31 11:31:30] myapp.DEBUG: SELECT * FROM satellieten [] []
[2013-03-31 11:31:30] myapp.INFO: < 200 [] []
[2013-03-31 11:31:31] myapp.INFO: Matched route "hsware" (parameters: "_controller": "[{},"hsware"]", "_route": "hsware") [] []
[2013-03-31 11:31:31] myapp.INFO: > GET /fcom/web/hsware/ [] []
[2013-03-31 11:31:31] myapp.INFO: < 200 [] []
[2013-03-31 11:31:32] myapp.INFO: Matched route "tweedehands" (parameters: "_controller": "[{},"tweedehands"]", "_route": "tweedehands") [] []
[2013-03-31 11:31:32] myapp.INFO: > GET /fcom/web/tweedehands/ [] []
[2013-03-31 11:31:32] myapp.INFO: < 200 [] []
[2013-03-31 11:31:34] myapp.INFO: Matched route "home" (parameters: "_controller": "[{},"home"]", "_route": "home") [] []
[2013-03-31 11:31:34] myapp.INFO: > GET /fcom/web/home/ [] []
[2013-03-31 11:31:34] myapp.INFO: < 200 [] []
[2013-03-31 11:31:35] myapp.INFO: Matched route "contact" (parameters: "_controller": "[{},"contact"]", "_route": "contact") [] []
[2013-03-31 11:31:35] myapp.INFO: > GET /fcom/web/contact/ [] []
[2013-03-31 11:31:35] myapp.INFO: < 200 [] []
[2013-03-31 11:31:35] myapp.INFO: Matched route "satelliet" (parameters: "_controller": "[{},"satelliet"]", "_route": "satelliet") [] []
[2013-03-31 11:31:35] myapp.INFO: > GET /fcom/web/satelliet/ [] []
[2013-03-31 11:31:35] myapp.DEBUG: SELECT * FROM satellieten [] []
[2013-03-31 11:31:35] myapp.INFO: < 200 [] []
[2013-03-31 11:31:36] myapp.INFO: Matched route "hsware" (parameters: "_controller": "[{},"hsware"]", "_route": "hsware") [] []
[2013-03-31 11:31:36] myapp.INFO: > GET /fcom/web/hsware/ [] []
[2013-03-31 11:31:36] myapp.INFO: < 200 [] []
[2013-03-31 11:31:37] myapp.INFO: Matched route "tweedehands" (parameters: "_controller": "[{},"tweedehands"]", "_route": "tweedehands") [] []
[2013-03-31 11:31:37] myapp.INFO: > GET /fcom/web/tweedehands/ [] []
[2013-03-31 11:31:37] myapp.INFO: < 200 [] []
[2013-04-01 03:49:16] myapp.INFO: Matched route "home" (parameters: "_controller": "[{},"home"]", "_route": "home") [] []
[2013-04-01 03:49:16] myapp.INFO: > GET /fcom/web/home/ [] []
[2013-04-01 03:49:17] myapp.INFO: < 200 [] []
[2013-04-01 03:49:20] myapp.INFO: Matched route "satelliet" (parameters: "_controller": "[{},"satelliet"]", "_route": "satelliet") [] []
[2013-04-01 03:49:20] myapp.INFO: > GET /fcom/web/satelliet/ [] []
[2013-04-01 03:49:20] myapp.DEBUG: SELECT * FROM satellieten [] []
[2013-04-01 03:49:20] myapp.INFO: < 200 [] []
[2013-04-01 03:49:22] myapp.INFO: Matched route "satelliet.detail" (parameters: "_controller": "[{},"detail"]", "id": "1", "_route": "satelliet.detail") [] []
[2013-04-01 03:49:22] myapp.INFO: > GET /fcom/web/satelliet/1 [] []
[2013-04-01 03:49:22] myapp.DEBUG: SELECT * FROM satellieten WHERE satellieten.satellietenId = ? ["1"] []
[2013-04-01 03:49:22] myapp.INFO: < 200 [] []
[2013-04-01 03:49:25] myapp.INFO: Matched route "satelliet.detail" (parameters: "_controller": "[{},"detail"]", "id": "2", "_route": "satelliet.detail") [] []
[2013-04-01 03:49:25] myapp.INFO: > GET /fcom/web/satelliet/2 [] []
[2013-04-01 03:49:25] myapp.DEBUG: SELECT * FROM satellieten WHERE satellieten.satellietenId = ? ["2"] []
[2013-04-01 03:49:25] myapp.INFO: < 200 [] []
[2013-04-01 03:49:27] myapp.INFO: Matched route "satelliet.detail" (parameters: "_controller": "[{},"detail"]", "id": "3", "_route": "satelliet.detail") [] []
[2013-04-01 03:49:27] myapp.INFO: > GET /fcom/web/satelliet/3 [] []
[2013-04-01 03:49:27] myapp.DEBUG: SELECT * FROM satellieten WHERE satellieten.satellietenId = ? ["3"] []
[2013-04-01 03:49:27] myapp.INFO: < 200 [] []
[2013-04-01 03:49:31] myapp.INFO: Matched route "satelliet.detail" (parameters: "_controller": "[{},"detail"]", "id": "4", "_route": "satelliet.detail") [] []
[2013-04-01 03:49:31] myapp.INFO: > GET /fcom/web/satelliet/4 [] []
[2013-04-01 03:49:31] myapp.DEBUG: SELECT * FROM satellieten WHERE satellieten.satellietenId = ? ["4"] []
[2013-04-01 03:49:31] myapp.INFO: < 200 [] []
